<?xml version="1.0" encoding="UTF-8"?>
<!-- Generated by org.testng.reporters.JUnitReportReporter -->
<testsuite hostname="RABFNHVSG3" failures="0" tests="1" name="TestClass" time="0.009" errors="0" timestamp="2022-09-29T10:51:19 WEST" skipped="0">
  <testcase classname="TestClass" name="test" time="0.009"/>
  <system-out/>
</testsuite> <!-- TestClass -->
