<?xml version="1.0" encoding="UTF-8"?>
<!-- Generated by org.testng.reporters.JUnitReportReporter -->
<testsuite hostname="RABFNHVSG3" failures="0" tests="1" name="CucumberTest" time="27.824" errors="0" timestamp="2022-09-30T12:37:23 WEST" skipped="0">
  <testcase classname="CucumberTest" name="runScenario" time="27.824"/>
  <system-out/>
</testsuite> <!-- CucumberTest -->
